<?xml version='1.0' encoding='UTF-8'?>
<testsuite hostname="toolbox" name="fireworks.FireworksSuite" tests="12" errors="0" failures="0" skipped="0" time="1.091" timestamp="2022-03-03T21:44:04">
          <properties>
      <property name="jline.esc.timeout" value="0"/><property name="jna.platform.library.path" value="/usr/lib64:/lib64:/usr/lib:/lib"/><property name="java.runtime.name" value="OpenJDK Runtime Environment"/><property name="sun.boot.library.path" value="/var/home/hadesagd/.cache/coursier/arc/https/github.com/AdoptOpenJDK/openjdk8-binaries/releases/download/jdk8u292-b10/OpenJDK8U-jdk_x64_linux_hotspot_8u292b10.tar.gz/jdk8u292-b10/jre/lib/amd64"/><property name="java.vm.version" value="25.292-b10"/><property name="java.vm.vendor" value="AdoptOpenJDK"/><property name="java.vendor.url" value="https://adoptopenjdk.net/"/><property name="path.separator" value=":"/><property name="jna.loaded" value="true"/><property name="java.vm.name" value="OpenJDK 64-Bit Server VM"/><property name="file.encoding.pkg" value="sun.io"/><property name="sun.java.launcher" value="SUN_STANDARD"/><property name="sun.os.patch.level" value="unknown"/><property name="jna.nosys" value="true"/><property name="java.vm.specification.name" value="Java Virtual Machine Specification"/><property name="user.dir" value="/var/home/hadesagd/Documents/Learning/Scala/Basics_Week_One/fireworks"/><property name="java.runtime.version" value="1.8.0_292-b10"/><property name="java.awt.graphicsenv" value="sun.awt.X11GraphicsEnvironment"/><property name="java.endorsed.dirs" value="/var/home/hadesagd/.cache/coursier/arc/https/github.com/AdoptOpenJDK/openjdk8-binaries/releases/download/jdk8u292-b10/OpenJDK8U-jdk_x64_linux_hotspot_8u292b10.tar.gz/jdk8u292-b10/jre/lib/endorsed"/><property name="os.arch" value="amd64"/><property name="java.io.tmpdir" value="/tmp"/><property name="line.separator" value="
"/><property name="java.vm.specification.vendor" value="Oracle Corporation"/><property name="log4j.ignoreTCL" value="true"/><property name="os.name" value="Linux"/><property name="sun.jnu.encoding" value="UTF-8"/><property name="jnidispatch.path" value="/var/home/hadesagd/.cache/JNA/temp/jna7739759421594265915.tmp"/><property name="java.library.path" value="/usr/java/packages/lib/amd64:/usr/lib64:/lib64:/lib:/usr/lib"/><property name="java.specification.name" value="Java Platform API Specification"/><property name="java.class.version" value="52.0"/><property name="sun.management.compiler" value="HotSpot 64-Bit Tiered Compilers"/><property name="os.version" value="5.16.11-200.fc35.x86_64"/><property name="swoval.tmpdir" value="/var/home/hadesagd/.sbt/1.0"/><property name="user.home" value="/var/home/hadesagd"/><property name="user.timezone" value="America/Nassau"/><property name="java.awt.printerjob" value="sun.print.PSPrinterJob"/><property name="file.encoding" value="UTF-8"/><property name="java.specification.version" value="1.8"/><property name="java.class.path" value="/var/home/hadesagd/.cache/coursier/arc/https/github.com/sbt/sbt/releases/download/v1.6.2/sbt-1.6.2.zip/sbt/bin/sbt-launch.jar"/><property name="user.name" value="hadesagd"/><property name="jline.shutdownhook" value="false"/><property name="java.vm.specification.version" value="1.8"/><property name="sun.java.command" value="/var/home/hadesagd/.cache/coursier/arc/https/github.com/sbt/sbt/releases/download/v1.6.2/sbt-1.6.2.zip/sbt/bin/sbt-launch.jar test"/><property name="java.home" value="/var/home/hadesagd/.cache/coursier/arc/https/github.com/AdoptOpenJDK/openjdk8-binaries/releases/download/jdk8u292-b10/OpenJDK8U-jdk_x64_linux_hotspot_8u292b10.tar.gz/jdk8u292-b10/jre"/><property name="sun.arch.data.model" value="64"/><property name="user.language" value="en"/><property name="java.specification.vendor" value="Oracle Corporation"/><property name="awt.toolkit" value="sun.awt.X11.XToolkit"/><property name="java.vm.info" value="mixed mode"/><property name="java.version" value="1.8.0_292"/><property name="java.ext.dirs" value="/var/home/hadesagd/.cache/coursier/arc/https/github.com/AdoptOpenJDK/openjdk8-binaries/releases/download/jdk8u292-b10/OpenJDK8U-jdk_x64_linux_hotspot_8u292b10.tar.gz/jdk8u292-b10/jre/lib/ext:/usr/java/packages/lib/ext"/><property name="sun.boot.class.path" value="/var/home/hadesagd/.cache/coursier/arc/https/github.com/AdoptOpenJDK/openjdk8-binaries/releases/download/jdk8u292-b10/OpenJDK8U-jdk_x64_linux_hotspot_8u292b10.tar.gz/jdk8u292-b10/jre/lib/resources.jar:/var/home/hadesagd/.cache/coursier/arc/https/github.com/AdoptOpenJDK/openjdk8-binaries/releases/download/jdk8u292-b10/OpenJDK8U-jdk_x64_linux_hotspot_8u292b10.tar.gz/jdk8u292-b10/jre/lib/rt.jar:/var/home/hadesagd/.cache/coursier/arc/https/github.com/AdoptOpenJDK/openjdk8-binaries/releases/download/jdk8u292-b10/OpenJDK8U-jdk_x64_linux_hotspot_8u292b10.tar.gz/jdk8u292-b10/jre/lib/sunrsasign.jar:/var/home/hadesagd/.cache/coursier/arc/https/github.com/AdoptOpenJDK/openjdk8-binaries/releases/download/jdk8u292-b10/OpenJDK8U-jdk_x64_linux_hotspot_8u292b10.tar.gz/jdk8u292-b10/jre/lib/jsse.jar:/var/home/hadesagd/.cache/coursier/arc/https/github.com/AdoptOpenJDK/openjdk8-binaries/releases/download/jdk8u292-b10/OpenJDK8U-jdk_x64_linux_hotspot_8u292b10.tar.gz/jdk8u292-b10/jre/lib/jce.jar:/var/home/hadesagd/.cache/coursier/arc/https/github.com/AdoptOpenJDK/openjdk8-binaries/releases/download/jdk8u292-b10/OpenJDK8U-jdk_x64_linux_hotspot_8u292b10.tar.gz/jdk8u292-b10/jre/lib/charsets.jar:/var/home/hadesagd/.cache/coursier/arc/https/github.com/AdoptOpenJDK/openjdk8-binaries/releases/download/jdk8u292-b10/OpenJDK8U-jdk_x64_linux_hotspot_8u292b10.tar.gz/jdk8u292-b10/jre/lib/jfr.jar:/var/home/hadesagd/.cache/coursier/arc/https/github.com/AdoptOpenJDK/openjdk8-binaries/releases/download/jdk8u292-b10/OpenJDK8U-jdk_x64_linux_hotspot_8u292b10.tar.gz/jdk8u292-b10/jre/classes"/><property name="java.vendor" value="AdoptOpenJDK"/><property name="file.separator" value="/"/><property name="java.vendor.url.bug" value="https://github.com/AdoptOpenJDK/openjdk-support/issues"/><property name="sun.io.unicode.encoding" value="UnicodeLittle"/><property name="sun.cpu.endian" value="little"/><property name="sbt.script" value="/var/home/hadesagd/.cache/coursier/arc/https/github.com/sbt/sbt/releases/download/v1.6.2/sbt-1.6.2.zip/sbt/bin/sbt"/><property name="sun.cpu.isalist" value=""/>
    </properties>
          <testcase classname="fireworks.FireworksSuite" name="'Firework.next' returns 'Done' when given 'Done' `" time="0.12">
                      
                    </testcase><testcase classname="fireworks.FireworksSuite" name="'Firework.next' returns 'Waiting' or 'Launched' when given 'Waiting'" time="0.289">
                      
                    </testcase><testcase classname="fireworks.FireworksSuite" name="'Firework.next' returns 'Launched' or 'Exploding' when given 'Launched'" time="0.058">
                      
                    </testcase><testcase classname="fireworks.FireworksSuite" name="'Firework.next' returns 'Exploding' or 'Done' when given 'Exploding'" time="0.159">
                      
                    </testcase><testcase classname="fireworks.FireworksSuite" name="Operation 'next' on class 'Waiting' should return the same 'Waiting' value with a decremented 'countDown' until it is zero or negative" time="0.035">
                      
                    </testcase><testcase classname="fireworks.FireworksSuite" name="Operation 'next' on class 'Waiting' should return a 'Launched' value if the 'countDown' is zero or negative" time="0.022">
                      
                    </testcase><testcase classname="fireworks.FireworksSuite" name="Operation 'next' on class 'Launched' should return a 'Launched' value with a decremented 'countDown' until it is zero or negative" time="0.034">
                      
                    </testcase><testcase classname="fireworks.FireworksSuite" name="Operation 'next' on class 'Launched' should return a 'Launched' value with an updated 'position' until the 'countDown' is zero or negative" time="0.037">
                      
                    </testcase><testcase classname="fireworks.FireworksSuite" name="Operation 'next' on class 'Launched' should return an 'Exploding' value if the 'countDown' is zero or negative" time="0.04">
                      
                    </testcase><testcase classname="fireworks.FireworksSuite" name="Operation 'next' on class 'Exploding' should return an 'Exploding' value with a decremented 'countDown' until it is zero or negative" time="0.235">
                      
                    </testcase><testcase classname="fireworks.FireworksSuite" name="Operation 'next' on class 'Exploding' should return a 'Done' value if the 'countDown' is zero or negative" time="0.05">
                      
                    </testcase><testcase classname="fireworks.FireworksSuite" name="Operation 'next' on class 'Particle' should return a 'Particle' value that has moved" time="0.012">
                      
                    </testcase>
          <system-out><![CDATA[]]></system-out>
          <system-err><![CDATA[]]></system-err>
        </testsuite>